[    0.000000] Linux version 4.15.0-210-generic (buildd@lcy02-amd64-056) (gcc version 7.5.0 (Ubuntu 7.5.0-3ubuntu1~18.04)) #221-Ubuntu SMP Tue Apr 18 08:32:52 UTC 2023 (Ubuntu 4.15.0-210.221-generic 4.15.18)
[    0.000000] Command line: BOOT_IMAGE=/boot/vmlinuz-4.15.0-210-generic root=LABEL=cloudimg-rootfs ro console=tty1 console=ttyS0
[    0.000000] KERNEL supported cpus:
[    0.000000]   Intel GenuineIntel
[    0.000000]   AMD AuthenticAMD
[    0.000000]   Centaur CentaurHauls
[    0.000000] [Firmware Bug]: TSC doesn't count with P0 frequency!
[    0.000000] x86/fpu: Supporting XSAVE feature 0x001: 'x87 floating point registers'
[    0.000000] x86/fpu: Supporting XSAVE feature 0x002: 'SSE registers'
[    0.000000] x86/fpu: Supporting XSAVE feature 0x004: 'AVX registers'
[    0.000000] x86/fpu: xstate_offset[2]:  576, xstate_sizes[2]:  256
[    0.000000] x86/fpu: Enabled xstate features 0x7, context size is 832 bytes, using 'standard' format.
[    0.000000] e820: BIOS-provided physical RAM map:
[    0.000000] BIOS-e820: [mem 0x0000000000000000-0x000000000009fbff] usable
[    0.000000] BIOS-e820: [mem 0x000000000009fc00-0x000000000009ffff] reserved
[    0.000000] BIOS-e820: [mem 0x00000000000f0000-0x00000000000fffff] reserved
[    0.000000] BIOS-e820: [mem 0x0000000000100000-0x000000003ffeffff] usable
[    0.000000] BIOS-e820: [mem 0x000000003fff0000-0x000000003fffffff] ACPI data
[    0.000000] BIOS-e820: [mem 0x00000000fec00000-0x00000000fec00fff] reserved
[    0.000000] BIOS-e820: [mem 0x00000000fee00000-0x00000000fee00fff] reserved
[    0.000000] BIOS-e820: [mem 0x00000000fffc0000-0x00000000ffffffff] reserved
[    0.000000] NX (Execute Disable) protection: active
[    0.000000] SMBIOS 2.5 present.
[    0.000000] DMI: innotek GmbH VirtualBox/VirtualBox, BIOS VirtualBox 12/01/2006
[    0.000000] Hypervisor detected: KVM
[    0.000000] e820: last_pfn = 0x3fff0 max_arch_pfn = 0x400000000
[    0.000000] MTRR: Disabled
[    0.000000] x86/PAT: MTRRs disabled, skipping PAT initialization too.
[    0.000000] CPU MTRRs all blank - virtualized system.
[    0.000000] x86/PAT: Configuration [0-7]: WB  WT  UC- UC  WB  WT  UC- UC  
[    0.000000] found SMP MP-table at [mem 0x0009fff0-0x0009ffff]
[    0.000000] Scanning 1 areas for low memory corruption
[    0.000000] RAMDISK: [mem 0x359c9000-0x36cdbfff]
[    0.000000] ACPI: Early table checksum verification disabled
[    0.000000] ACPI: RSDP 0x00000000000E0000 000024 (v02 VBOX  )
[    0.000000] ACPI: XSDT 0x000000003FFF0030 00003C (v01 VBOX   VBOXXSDT 00000001 ASL  00000061)
[    0.000000] ACPI: FACP 0x000000003FFF00F0 0000F4 (v04 VBOX   VBOXFACP 00000001 ASL  00000061)
[    0.000000] ACPI: DSDT 0x000000003FFF0610 002353 (v02 VBOX   VBOXBIOS 00000002 INTL 20100528)
[    0.000000] ACPI: FACS 0x000000003FFF0200 000040
[    0.000000] ACPI: FACS 0x000000003FFF0200 000040
[    0.000000] ACPI: APIC 0x000000003FFF0240 00005C (v02 VBOX   VBOXAPIC 00000001 ASL  00000061)
[    0.000000] ACPI: SSDT 0x000000003FFF02A0 00036C (v01 VBOX   VBOXCPUT 00000002 INTL 20100528)
[    0.000000] ACPI: Reserving FACP table memory at [mem 0x3fff00f0-0x3fff01e3]
[    0.000000] ACPI: Reserving DSDT table memory at [mem 0x3fff0610-0x3fff2962]
[    0.000000] ACPI: Reserving FACS table memory at [mem 0x3fff0200-0x3fff023f]
[    0.000000] ACPI: Reserving FACS table memory at [mem 0x3fff0200-0x3fff023f]
[    0.000000] ACPI: Reserving APIC table memory at [mem 0x3fff0240-0x3fff029b]
[    0.000000] ACPI: Reserving SSDT table memory at [mem 0x3fff02a0-0x3fff060b]
[    0.000000] No NUMA configuration found
[    0.000000] Faking a node at [mem 0x0000000000000000-0x000000003ffeffff]
[    0.000000] NODE_DATA(0) allocated [mem 0x3ffc5000-0x3ffeffff]
[    0.000000] kvm-clock: cpu 0, msr 0:3ff44001, primary cpu clock
[    0.000000] kvm-clock: Using msrs 4b564d01 and 4b564d00
[    0.000000] kvm-clock: using sched offset of 3228070442 cycles
[    0.000000] clocksource: kvm-clock: mask: 0xffffffffffffffff max_cycles: 0x1cd42e4dffb, max_idle_ns: 881590591483 ns
[    0.000000] Zone ranges:
[    0.000000]   DMA      [mem 0x0000000000001000-0x0000000000ffffff]
[    0.000000]   DMA32    [mem 0x0000000001000000-0x000000003ffeffff]
[    0.000000]   Normal   empty
[    0.000000]   Device   empty
[    0.000000] Movable zone start for each node
[    0.000000] Early memory node ranges
[    0.000000]   node   0: [mem 0x0000000000001000-0x000000000009efff]
[    0.000000]   node   0: [mem 0x0000000000100000-0x000000003ffeffff]
[    0.000000] Reserved but unavailable: 104 pages
[    0.000000] Initmem setup node 0 [mem 0x0000000000001000-0x000000003ffeffff]
[    0.000000] ACPI: PM-Timer IO Port: 0x4008
[    0.000000] IOAPIC[0]: apic_id 2, version 32, address 0xfec00000, GSI 0-23
[    0.000000] ACPI: INT_SRC_OVR (bus 0 bus_irq 0 global_irq 2 dfl dfl)
[    0.000000] ACPI: INT_SRC_OVR (bus 0 bus_irq 9 global_irq 9 low level)
[    0.000000] Using ACPI (MADT) for SMP configuration information
[    0.000000] smpboot: Allowing 2 CPUs, 0 hotplug CPUs
[    0.000000] PM: Registered nosave memory: [mem 0x00000000-0x00000fff]
[    0.000000] PM: Registered nosave memory: [mem 0x0009f000-0x0009ffff]
[    0.000000] PM: Registered nosave memory: [mem 0x000a0000-0x000effff]
[    0.000000] PM: Registered nosave memory: [mem 0x000f0000-0x000fffff]
[    0.000000] e820: [mem 0x40000000-0xfebfffff] available for PCI devices
[    0.000000] Booting paravirtualized kernel on KVM
[    0.000000] clocksource: refined-jiffies: mask: 0xffffffff max_cycles: 0xffffffff, max_idle_ns: 7645519600211568 ns
[    0.000000] setup_percpu: NR_CPUS:8192 nr_cpumask_bits:2 nr_cpu_ids:2 nr_node_ids:1
[    0.000000] percpu: Embedded 50 pages/cpu s167936 r8192 d28672 u1048576
[    0.000000] PV qspinlock hash table entries: 256 (order: 0, 4096 bytes)
[    0.000000] Built 1 zonelists, mobility grouping on.  Total pages: 257913
[    0.000000] Policy zone: DMA32
[    0.000000] Kernel command line: BOOT_IMAGE=/boot/vmlinuz-4.15.0-210-generic root=LABEL=cloudimg-rootfs ro console=tty1 console=ttyS0
[    0.000000] Memory: 982640K/1048120K available (12300K kernel code, 2477K rwdata, 4324K rodata, 2480K init, 2720K bss, 65480K reserved, 0K cma-reserved)
[    0.000000] SLUB: HWalign=64, Order=0-3, MinObjects=0, CPUs=2, Nodes=1
[    0.000000] ftrace: allocating 39506 entries in 155 pages
[    0.004000] Hierarchical RCU implementation.
[    0.004000] 	RCU restricting CPUs from NR_CPUS=8192 to nr_cpu_ids=2.
[    0.004000] 	Tasks RCU enabled.
[    0.004000] RCU: Adjusting geometry for rcu_fanout_leaf=16, nr_cpu_ids=2
[    0.004000] NR_IRQS: 524544, nr_irqs: 440, preallocated irqs: 16
[    0.004000] random: crng init done
[    0.004000] Console: colour VGA+ 80x25
[    0.004000] console [tty1] enabled
[    0.004000] console [ttyS0] enabled
[    0.004000] ACPI: Core revision 20170831
[    0.004000] ACPI: 2 ACPI AML tables successfully acquired and loaded
[    0.004000] APIC: Switch to symmetric I/O mode setup
[    0.004000] x2apic enabled
[    0.004000] Switched APIC routing to physical x2apic.
[    0.004000] ..TIMER: vector=0x30 apic1=0 pin1=2 apic2=-1 pin2=-1
[    0.004000] tsc: Detected 3593.246 MHz processor
[    0.004000] Calibrating delay loop (skipped) preset value.. 7186.49 BogoMIPS (lpj=14372984)
[    0.004000] pid_max: default: 32768 minimum: 301
[    0.004000] Security Framework initialized
[    0.004000] Yama: becoming mindful.
[    0.004000] AppArmor: AppArmor initialized
[    0.004000] Dentry cache hash table entries: 131072 (order: 8, 1048576 bytes)
[    0.004000] Inode-cache hash table entries: 65536 (order: 7, 524288 bytes)
[    0.004000] Mount-cache hash table entries: 2048 (order: 2, 16384 bytes)
[    0.004000] Mountpoint-cache hash table entries: 2048 (order: 2, 16384 bytes)
[    0.004000] Last level iTLB entries: 4KB 1024, 2MB 1024, 4MB 512
[    0.004005] Last level dTLB entries: 4KB 2048, 2MB 2048, 4MB 1024, 1GB 0
[    0.008003] Spectre V1 : Mitigation: usercopy/swapgs barriers and __user pointer sanitization
[    0.008978] Spectre V2 : Mitigation: Retpolines
[    0.009519] Spectre V2 Spectre v2 / SpectreRSB mitigation: Filling RSB on context switch
[    0.012005] Spectre V2 : Spectre v2 / SpectreRSB : Filling RSB on VMEXIT
[    0.012808] RETBleed: Vulnerable
[    0.013340] Freeing SMP alternatives memory: 36K
[    0.125418] smpboot: CPU0: AMD Ryzen 5 3600 6-Core Processor (family: 0x17, model: 0x71, stepping: 0x0)
[    0.126622] Performance Events: PMU not available due to virtualization, using software events only.
[    0.127697] Hierarchical SRCU implementation.
[    0.128000] NMI watchdog: Perf event create on CPU 0 failed with -2
[    0.128002] NMI watchdog: Perf NMI watchdog permanently disabled
[    0.128761] smp: Bringing up secondary CPUs ...
[    0.129357] x86: Booting SMP configuration:
[    0.129854] .... node  #0, CPUs:      #1
[    0.004000] kvm-clock: cpu 1, msr 0:3ff44041, secondary cpu clock
[    0.132012] smp: Brought up 1 node, 2 CPUs
[    0.132514] smpboot: Max logical packages: 1
[    0.133058] smpboot: Total of 2 processors activated (14372.98 BogoMIPS)
[    0.133923] devtmpfs: initialized
[    0.133923] x86/mm: Memory block size: 128MB
[    0.133923] evm: security.selinux
[    0.136002] evm: security.SMACK64
[    0.136412] evm: security.SMACK64EXEC
[    0.136870] evm: security.SMACK64TRANSMUTE
[    0.137392] evm: security.SMACK64MMAP
[    0.137847] evm: security.apparmor
[    0.138271] evm: security.ima
[    0.138640] evm: security.capability
[    0.140021] clocksource: jiffies: mask: 0xffffffff max_cycles: 0xffffffff, max_idle_ns: 7645041785100000 ns
[    0.141152] futex hash table entries: 512 (order: 3, 32768 bytes)
[    0.141152] pinctrl core: initialized pinctrl subsystem
[    0.141152] RTC time: 13:57:26, date: 05/23/23
[    0.141475] NET: Registered protocol family 16
[    0.142294] audit: initializing netlink subsys (disabled)
[    0.144020] audit: type=2000 audit(1684850251.462:1): state=initialized audit_enabled=0 res=1
[    0.148008] cpuidle: using governor ladder
[    0.148496] cpuidle: using governor menu
[    0.148669] ACPI: bus type PCI registered
[    0.148669] acpiphp: ACPI Hot Plug PCI Controller Driver version: 0.5
[    0.149356] PCI: Using configuration type 1 for base access
[    0.152002] PCI: Using configuration type 1 for extended access
[    0.152792] HugeTLB registered 2.00 MiB page size, pre-allocated 0 pages
[    0.152800] ACPI: Added _OSI(Module Device)
[    0.152800] ACPI: Added _OSI(Processor Device)
[    0.156003] ACPI: Added _OSI(3.0 _SCP Extensions)
[    0.156550] ACPI: Added _OSI(Processor Aggregator Device)
[    0.157209] ACPI: Added _OSI(Linux-Dell-Video)
[    0.157738] ACPI: Added _OSI(Linux-Lenovo-NV-HDMI-Audio)
[    0.158403] ACPI: Added _OSI(Linux-HPI-Hybrid-Graphics)
[    0.160194] ACPI: Executed 1 blocks of module-level executable AML code
[    0.163247] ACPI: Interpreter enabled
[    0.163726] ACPI: (supports S0 S5)
[    0.164002] ACPI: Using IOAPIC for interrupt routing
[    0.164756] PCI: Using host bridge windows from ACPI; if necessary, use "pci=nocrs" and report a bug
[    0.165995] ACPI: Enabled 2 GPEs in block 00 to 07
[    0.167562] ACPI: PCI Root Bridge [PCI0] (domain 0000 [bus 00-ff])
[    0.172006] acpi PNP0A03:00: _OSC: OS supports [ExtendedConfig ASPM ClockPM Segments MSI]
[    0.173688] acpi PNP0A03:00: _OSC: platform does not support [PCIeCapability]
[    0.174836] acpi PNP0A03:00: _OSC: not requesting control; platform does not support [PCIeCapability]
[    0.176003] acpi PNP0A03:00: _OSC: OS requested [PCIeHotplug PME AER PCIeCapability]
[    0.176949] acpi PNP0A03:00: _OSC: platform willing to grant [PCIeHotplug PME AER]
[    0.177926] acpi PNP0A03:00: _OSC failed (AE_SUPPORT); disabling ASPM
[    0.177926] PCI host bridge to bus 0000:00
[    0.177926] pci_bus 0000:00: root bus resource [io  0x0000-0x0cf7 window]
[    0.177926] pci_bus 0000:00: root bus resource [io  0x0d00-0xffff window]
[    0.178461] pci_bus 0000:00: root bus resource [mem 0x000a0000-0x000bffff window]
[    0.179365] pci_bus 0000:00: root bus resource [mem 0x40000000-0xfdffffff window]
[    0.184003] pci_bus 0000:00: root bus resource [bus 00-ff]
[    0.186065] pci 0000:00:01.1: legacy IDE quirk: reg 0x10: [io  0x01f0-0x01f7]
[    0.186996] pci 0000:00:01.1: legacy IDE quirk: reg 0x14: [io  0x03f6]
[    0.187778] pci 0000:00:01.1: legacy IDE quirk: reg 0x18: [io  0x0170-0x0177]
[    0.188002] pci 0000:00:01.1: legacy IDE quirk: reg 0x1c: [io  0x0376]
[    0.196816] pci 0000:00:07.0: quirk: [io  0x4000-0x403f] claimed by PIIX4 ACPI
[    0.197717] pci 0000:00:07.0: quirk: [io  0x4100-0x410f] claimed by PIIX4 SMB
[    0.201949] ACPI: PCI Interrupt Link [LNKA] (IRQs 5 9 10 *11)
[    0.202931] ACPI: PCI Interrupt Link [LNKB] (IRQs 5 9 *10 11)
[    0.203710] ACPI: PCI Interrupt Link [LNKC] (IRQs 5 *9 10 11)
[    0.204079] ACPI: PCI Interrupt Link [LNKD] (IRQs 5 9 10 *11)
[    0.205054] SCSI subsystem initialized
[    0.205552] pci 0000:00:02.0: vgaarb: setting as boot VGA device
[    0.205552] pci 0000:00:02.0: vgaarb: VGA device added: decodes=io+mem,owns=io+mem,locks=none
[    0.205807] pci 0000:00:02.0: vgaarb: bridge control possible
[    0.208010] vgaarb: loaded
[    0.208427] ACPI: bus type USB registered
[    0.208974] usbcore: registered new interface driver usbfs
[    0.209631] usbcore: registered new interface driver hub
[    0.210251] usbcore: registered new device driver usb
[    0.212026] EDAC MC: Ver: 3.0.0
[    0.212572] PCI: Using ACPI for IRQ routing
[    0.212746] NetLabel: Initializing
[    0.213181] NetLabel:  domain hash size = 128
[    0.213745] NetLabel:  protocols = UNLABELED CIPSOv4 CALIPSO
[    0.214430] NetLabel:  unlabeled traffic allowed by default
[    0.216063] clocksource: Switched to clocksource kvm-clock
[    0.226425] VFS: Disk quotas dquot_6.6.0
[    0.226425] VFS: Dquot-cache hash table entries: 512 (order 0, 4096 bytes)
[    0.226425] AppArmor: AppArmor Filesystem Enabled
[    0.226425] pnp: PnP ACPI init
[    0.226425] pnp: PnP ACPI: found 3 devices
[    0.242694] clocksource: acpi_pm: mask: 0xffffff max_cycles: 0xffffff, max_idle_ns: 2085701024 ns
[    0.243916] NET: Registered protocol family 2
[    0.244275] IP idents hash table entries: 16384 (order: 5, 131072 bytes)
[    0.248030] TCP established hash table entries: 8192 (order: 4, 65536 bytes)
[    0.248857] TCP bind hash table entries: 8192 (order: 5, 131072 bytes)
[    0.249700] TCP: Hash tables configured (established 8192 bind 8192)
[    0.250484] UDP hash table entries: 512 (order: 2, 16384 bytes)
[    0.251178] UDP-Lite hash table entries: 512 (order: 2, 16384 bytes)
[    0.251996] NET: Registered protocol family 1
[    0.252004] pci 0000:00:00.0: Limiting direct PCI/PCI transfers
[    0.252004] pci 0000:00:01.0: Activating ISA DMA hang workarounds
[    0.252004] pci 0000:00:02.0: Video device with shadowed ROM at [mem 0x000c0000-0x000dffff]
[    0.252004] Unpacking initramfs...
[    0.252004] Freeing initrd memory: 19532K
[    0.252004] clocksource: tsc: mask: 0xffffffffffffffff max_cycles: 0x33cb66efe9d, max_idle_ns: 440795351205 ns
[    0.252004] platform rtc_cmos: registered platform RTC device (no PNP device found)
[    0.252004] Scanning for low memory corruption every 60 seconds
[    0.532245] Initialise system trusted keyrings
[    0.532801] Key type blacklist registered
[    0.533327] workingset: timestamp_bits=36 max_order=18 bucket_order=0
[    0.534705] zbud: loaded
[    0.535407] squashfs: version 4.0 (2009/01/31) Phillip Lougher
[    0.536174] fuse init (API version 7.26)
[    0.539064] Key type asymmetric registered
[    0.539579] Asymmetric key parser 'x509' registered
[    0.540180] Block layer SCSI generic (bsg) driver version 0.4 loaded (major 246)
[    0.541117] io scheduler noop registered
[    0.541607] io scheduler deadline registered
[    0.542154] io scheduler cfq registered (default)
[    0.542935] ACPI: AC Adapter [AC] (on-line)
[    0.543479] input: Power Button as /devices/LNXSYSTM:00/LNXPWRBN:00/input/input0
[    0.544383] ACPI: Power Button [PWRF]
[    0.544877] input: Sleep Button as /devices/LNXSYSTM:00/LNXSLPB0/input/input1
[    0.625196] ACPI: Sleep Button [SLPF]
[    0.626017] Serial: 8250/16550 driver, 32 ports, IRQ sharing enabled
[    0.630001] 00:02: ttyS0 at IO 0x3f8 irq = 4, base_baud = 115200) is a 16550A
[    0.650925] Linux agpgart interface v0.103
[    0.655979] loop: module loaded
[    0.656823] scsi host0: ata_piix
[    0.657458] scsi host1: ata_piix
[    0.658181] ata1: PATA max UDMA/33 cmd 0x1f0 ctl 0x3f6 bmdma 0xd000 irq 14
[    0.659048] ata2: PATA max UDMA/33 cmd 0x170 ctl 0x376 bmdma 0xd008 irq 15
[    0.659950] tun: Universal TUN/TAP device driver, 1.6
[    0.660765] PPP generic driver version 2.4.2
[    0.661367] ehci_hcd: USB 2.0 'Enhanced' Host Controller (EHCI) Driver
[    0.662155] ehci-pci: EHCI PCI platform driver
[    0.662803] ehci-platform: EHCI generic platform driver
[    0.663551] ohci_hcd: USB 1.1 'Open' Host Controller (OHCI) Driver
[    0.664383] ohci-pci: OHCI PCI platform driver
[    0.665021] ohci-platform: OHCI generic platform driver
[    0.665821] uhci_hcd: USB Universal Host Controller Interface driver
[    0.666876] i8042: PNP: PS/2 Controller [PNP0303:PS2K,PNP0f03:PS2M] at 0x60,0x64 irq 1,12
[    0.668611] serio: i8042 KBD port at 0x60,0x64 irq 1
[    0.669418] serio: i8042 AUX port at 0x60,0x64 irq 12
[    0.670507] mousedev: PS/2 mouse device common for all mice
[    0.671526] input: AT Translated Set 2 keyboard as /devices/platform/i8042/serio0/input/input2
[    0.672250] rtc_cmos rtc_cmos: rtc core: registered rtc_cmos as rtc0
[    0.673559] rtc_cmos rtc_cmos: alarms up to one day, 114 bytes nvram
[    0.674352] i2c /dev entries driver
[    0.674906] device-mapper: uevent: version 1.0.3
[    0.675686] device-mapper: ioctl: 4.37.0-ioctl (2017-09-20) initialised: dm-devel@redhat.com
[    0.676810] ledtrig-cpu: registered to indicate activity on CPUs
[    0.677860] NET: Registered protocol family 10
[    0.680896] Segment Routing with IPv6
[    0.681377] NET: Registered protocol family 17
[    0.682045] Key type dns_resolver registered
[    0.682740] mce: Using 0 MCE banks
[    0.683176] RAS: Correctable Errors collector initialized.
[    0.683881] sched_clock: Marking stable (682719253, 0)->(845094551, -162375298)
[    0.685016] registered taskstats version 1
[    0.685520] Loading compiled-in X.509 certificates
[    0.687516] Loaded X.509 cert 'Build time autogenerated kernel key: 53bf99db7da04c05fe17f7beec9ce15c83db2223'
[    0.689160] Loaded X.509 cert 'Canonical Ltd. Live Patch Signing: 14df34d1a87cf37625abec039ef2bf521249b969'
[    0.690697] Loaded X.509 cert 'Canonical Ltd. Kernel Module Signing: 88f752e560a1e0737e31163a466ad7b70a850c19'
[    0.691879] blacklist: Loading compiled-in revocation X.509 certificates
[    0.692720] Loaded X.509 cert 'Canonical Ltd. Secure Boot Signing: 61482aa2830d0ab2ad5af10b7250da9033ddcef0'
[    0.693921] Loaded X.509 cert 'Canonical Ltd. Secure Boot Signing (2017): 242ade75ac4a15e50d50c84b0d45ff3eae707a03'
[    0.695264] Loaded X.509 cert 'Canonical Ltd. Secure Boot Signing (ESM 2018): 365188c1d374d6b07c3c8f240f8ef722433d6a8b'
[    0.696565] Loaded X.509 cert 'Canonical Ltd. Secure Boot Signing (2019): c0746fd6c5da3ae827864651ad66ae47fe24b3e8'
[    0.697809] Loaded X.509 cert 'Canonical Ltd. Secure Boot Signing (2021 v1): a8d54bbb3825cfb94fa13c9f8a594a195c107b8d'
[    0.699053] Loaded X.509 cert 'Canonical Ltd. Secure Boot Signing (2021 v2): 4cf046892d6fd3c9a5b03f98d845f90851dc6a8c'
[    0.700401] Loaded X.509 cert 'Canonical Ltd. Secure Boot Signing (2021 v3): 100437bb6de6e469b581e61cd66bce3ef4ed53af'
[    0.701684] Loaded X.509 cert 'Canonical Ltd. Secure Boot Signing (Ubuntu Core 2019): c1d57b8f6b743f23ee41f4f7ee292f06eecadfb9'
[    0.703053] zswap: loaded using pool lzo/zbud
[    0.705617] Key type big_key registered
[    0.706115] Key type trusted registered
[    0.707702] Key type encrypted registered
[    0.708259] AppArmor: AppArmor sha1 policy hashing enabled
[    0.708915] ima: No TPM chip found, activating TPM-bypass! (rc=-19)
[    0.709659] ima: Allocated hash algorithm: sha1
[    0.710228] evm: HMAC attrs: 0x1
[    0.710799]   Magic number: 7:543:989
[    0.711358] rtc_cmos rtc_cmos: setting system clock to 2023-05-23 13:57:27 UTC (1684850247)
[    0.712548] BIOS EDD facility v0.16 2004-Jun-25, 0 devices found
[    0.713274] EDD information not available.
[    1.156614] Freeing unused kernel image memory: 2480K
[    1.171498] Write protecting the kernel read-only data: 20480k
[    1.172598] Freeing unused kernel image memory: 2008K
[    1.173444] Freeing unused kernel image memory: 1820K
[    1.179875] x86/mm: Checked W+X mappings: passed, no W+X pages found.
Loading, please wait...
starting version 237
[    1.218695] e1000: Intel(R) PRO/1000 Network Driver - version 7.3.21-k8-NAPI
[    1.219562] e1000: Copyright (c) 1999-2006 Intel Corporation.
[    1.223154] Fusion MPT base driver 3.04.20
[    1.223677] Copyright (c) 1999-2008 LSI Corporation
[    1.232478] Fusion MPT SPI Host driver 3.04.20
[    1.237249] AVX2 version of gcm_enc/dec engaged.
[    1.237852] AES CTR mode by8 optimization enabled
[    1.451443] input: ImExPS/2 Generic Explorer Mouse as /devices/platform/i8042/serio1/input/input4
[    1.631221] e1000 0000:00:03.0 eth0: (PCI:33MHz:32-bit) 02:3e:6f:b6:28:d7
[    1.632032] e1000 0000:00:03.0 eth0: Intel(R) PRO/1000 Network Connection
[    1.633428] mptbase: ioc0: Initiating bringup
[    1.633633] e1000 0000:00:03.0 enp0s3: renamed from eth0
[    1.740186] ioc0: LSI53C1030 A0: Capabilities={Initiator}
[    1.980897] scsi host2: ioc0: LSI53C1030 A0, FwRev=00000000h, Ports=1, MaxQ=256, IRQ=20
[    3.260788] scsi 2:0:0:0: Direct-Access     VBOX     HARDDISK         1.0  PQ: 0 ANSI: 5
[    3.556871] scsi target2:0:0: Beginning Domain Validation
[    3.558461] scsi target2:0:0: Domain Validation skipping write tests
[    3.559483] scsi target2:0:0: Ending Domain Validation
[    3.560194] scsi target2:0:0: asynchronous
[    3.561097] scsi 2:0:1:0: Direct-Access     VBOX     HARDDISK         1.0  PQ: 0 ANSI: 5
[    4.008461] scsi target2:0:1: Beginning Domain Validation
[    4.009804] scsi target2:0:1: Domain Validation skipping write tests
[    4.010583] scsi target2:0:1: Ending Domain Validation
[    4.011205] scsi target2:0:1: asynchronous
[    4.013847] sd 2:0:0:0: Attached scsi generic sg0 type 0
[    4.014631] sd 2:0:0:0: [sda] 83886080 512-byte logical blocks: (42.9 GB/40.0 GiB)
[    4.014801] sd 2:0:1:0: [sdb] 20480 512-byte logical blocks: (10.5 MB/10.0 MiB)
[    4.015668] sd 2:0:1:0: Attached scsi generic sg1 type 0
[    4.016477] sd 2:0:0:0: [sda] Write Protect is off
[    4.017125] sd 2:0:1:0: [sdb] Write Protect is off
[    4.018283] sd 2:0:0:0: [sda] Incomplete mode parameter data
[    4.018295] sd 2:0:1:0: [sdb] Incomplete mode parameter data
[    4.018956] sd 2:0:0:0: [sda] Assuming drive cache: write through
[    4.019616] sd 2:0:1:0: [sdb] Assuming drive cache: write through
[    4.020999]  sda: sda1
[    4.022070] sd 2:0:0:0: [sda] Attached SCSI disk
[    4.023784] sd 2:0:1:0: [sdb] Attached SCSI disk
Begin: Loading essential drivers ... [    5.400699] raid6: sse2x1   gen() 11936 MB/s
[    5.464832] raid6: sse2x1   xor()  9134 MB/s
[    5.544867] raid6: sse2x2   gen() 19228 MB/s
[    5.592940] raid6: sse2x2   xor() 11551 MB/s
[    5.686839] raid6: sse2x4   gen() 25752 MB/s
[    5.738060] raid6: sse2x4   xor() 11844 MB/s
[    5.802119] raid6: avx2x1   gen() 21735 MB/s
[    5.866078] raid6: avx2x1   xor() 17886 MB/s
[    5.930113] raid6: avx2x2   gen() 38472 MB/s
[    5.994990] raid6: avx2x2   xor() 23381 MB/s
[    6.059188] raid6: avx2x4   gen() 38568 MB/s
[    6.107162] raid6: avx2x4   xor() 19644 MB/s
[    6.107729] raid6: using algorithm avx2x4 gen() 38568 MB/s
[    6.108675] raid6: .... xor() 19644 MB/s, rmw enabled
[    6.109366] raid6: using avx2x2 recovery algorithm
[    6.110884] xor: automatically using best checksumming function   avx       
[    6.112340] async_tx: api initialized (async)
done.
Begin: Running /scripts/init-premount ... done.
Begin: Mounting root file system ... Begin: Running /scripts/local-top ... done.
Begin: Running /scripts/local-premount ... [    6.141434] Btrfs loaded, crc32c=crc32c-intel
Scanning for Btrfs filesystems
done.
Warning: fsck not present, so skipping root file system
[    6.158772] EXT4-fs (sda1): mounted filesystem with ordered data mode. Opts: (null)
done.
Begin: Running /scripts/local-bottom ... done.
Begin: Running /scripts/init-bottom ... done.
[    6.270390] ip_tables: (C) 2000-2006 Netfilter Core Team
[    6.277438] systemd[1]: systemd 237 running in system mode. (+PAM +AUDIT +SELINUX +IMA +APPARMOR +SMACK +SYSVINIT +UTMP +LIBCRYPTSETUP +GCRYPT +GNUTLS +ACL +XZ +LZ4 +SECCOMP +BLKID +ELFUTILS +KMOD -IDN2 +IDN -PCRE2 default-hierarchy=hybrid)
[    6.279878] systemd[1]: Detected virtualization oracle.
[    6.280534] systemd[1]: Detected architecture x86-64.

Welcome to [1mUbuntu 18.04.6 LTS[0m!

[    6.284755] systemd[1]: Set hostname to <ubuntu>.
[    6.286714] systemd[1]: Initializing machine ID from random generator.
[    6.287490] systemd[1]: Installed transient /etc/machine-id file.
[    6.448071] systemd[1]: Set up automount Arbitrary Executable File Formats File System Automount Point.
[[0;32m  OK  [0m] Set up automount Arbitrary Executab…rmats File System Automount Point.
[    6.449982] systemd[1]: Reached target Mounting snaps.
[[0;32m  OK  [0m] Reached target Mounting snaps.
[    6.451039] systemd[1]: Reached target Mounted snaps.
[[0;32m  OK  [0m] Reached target Mounted snaps.
[    6.452082] systemd[1]: Reached target Swap.
[[0;32m  OK  [0m] Reached target Swap.
[[0;32m  OK  [0m] Reached target System Time Synchronized.
[[0;32m  OK  [0m] Created slice System Slice.
[[0;32m  OK  [0m] Listening on LVM2 poll daemon socket.
[[0;32m  OK  [0m] Listening on Journal Socket (/dev/log).
[[0;32m  OK  [0m] Listening on udev Kernel Socket.
[[0;32m  OK  [0m] Listening on Network Service Netlink Socket.
[[0;32m  OK  [0m] Created slice system-serial\x2dgetty.slice.
[[0;32m  OK  [0m] Listening on Syslog Socket.
[[0;32m  OK  [0m] Reached target User and Group Name Lookups.
[[0;32m  OK  [0m] Listening on fsck to fsckd communication Socket.
[[0;32m  OK  [0m] Listening on /dev/initctl Compatibility Named Pipe.
[[0;32m  OK  [0m] Listening on udev Control Socket.
[[0;32m  OK  [0m] Listening on Journal Audit Socket.
[[0;32m  OK  [0m] Listening on Journal Socket.
         Starting Create list of required st…ce nodes for the current kernel...
         Starting udev Coldplug all Devices...
         Starting Load Kernel Modules...
         Mounting Kernel Debug File System...
         Mounting POSIX Message Queue File System...
         Starting Uncomplicated firewall...
         Starting Journal Service...
[[0;32m  OK  [0m] Started Forward Password Requests to Wall Directory Watch.
[[0;32m  OK  [0m] Listening on Device-mapper event daemon FIFOs.
[    6.489328] Loading iSCSI transport class v2.0-870.
[    6.493306] iscsi: registered transport (tcp)
[    6.503620] iscsi: registered transport (iser)
[[0;32m  OK  [0m] Listening on LVM2 metadata daemon socket.
         Starting Monitoring of LVM2 mirrors…ng dmeventd or progress polling...
         Mounting Huge Pages File System...
         Starting File System Check on Root Device...
[[0;32m  OK  [0m] Created slice User and Session Slice.
[[0;32m  OK  [0m] Reached target Slices.
         Starting Set the console keyboard layout...
[[0;32m  OK  [0m] Started Create list of required sta…vice nodes for the current kernel.
[[0;32m  OK  [0m] Started Load Kernel Modules.
[[0;32m  OK  [0m] Started Uncomplicated firewall.
         Mounting FUSE Control File System...
         Starting Apply Kernel Variables...
         Mounting Kernel Configuration File System...
         Starting Create Static Device Nodes in /dev...
[[0;32m  OK  [0m] Started Journal Service.
[[0;32m  OK  [0m] Mounted Huge Pages File System.
[[0;32m  OK  [0m] Mounted POSIX Message Queue File System.
[[0;32m  OK  [0m] Mounted Kernel Debug File System.
[[0;32m  OK  [0m] Mounted FUSE Control File System.
[[0;32m  OK  [0m] Mounted Kernel Configuration File System.
[[0;32m  OK  [0m] Started udev Coldplug all Devices.
[[0;32m  OK  [0m] Started LVM2 metadata daemon.
[[0;32m  OK  [0m] Started File System Check Daemon to report status.
[[0;32m  OK  [0m] Started Create Static Device Nodes in /dev.
[[0;32m  OK  [0m] Started File System Check on Root Device.
         Starting Remount Root and Kernel File Systems...
[[0;32m  OK  [0m] Started Apply Kernel Variables.
[[0;32m  OK  [0m] Started Monitoring of LVM2 mirrors,…sing dmeventd or progress polling.
[[0;32m  OK  [0m] Started Remount Root and Kernel File Systems.
         Starting Flush Journal to Persistent Storage...
         Starting Load/Save Random Seed...
         Starting udev Kernel Device Manager...
[[0;32m  OK  [0m] Started Load/Save Random Seed.
[[0;32m  OK  [0m] Started udev Kernel Device Manager.
[[0;32m  OK  [0m] Started Set the console keyboard layout.
[[0;32m  OK  [0m] Reached target Local File Systems (Pre).
[[0;32m  OK  [0m] Reached target Local File Systems.
         Starting ebtables ruleset management...
         Starting Commit a transient machine-id on disk...
         Starting AppArmor initialization...
         Starting Tell Plymouth To Write Out Runtime Data...
         Starting Set console font and keymap...
[[0;32m  OK  [0m] Started Dispatch Password Requests to Console Directory Watch.
[[0;32m  OK  [0m] Reached target Local Encrypted Volumes.
[[0;32m  OK  [0m] Started Flush Journal to Persistent Storage.
         Starting Create Volatile Files and Directories...
[[0;32m  OK  [0m] Started Tell Plymouth To Write Out Runtime Data.
[[0;32m  OK  [0m] Started Set console font and keymap.
[[0;32m  OK  [0m] Started Create Volatile Files and Directories.
         Starting Update UTMP about System Boot/Shutdown...
[[0;32m  OK  [0m] Started Commit a transient machine-id on disk.
[[0;32m  OK  [0m] Started Update UTMP about System Boot/Shutdown.
[[0;32m  OK  [0m] Started ebtables ruleset management.
[[0;32m  OK  [0m] Found device /dev/ttyS0.
[[0;32m  OK  [0m] Listening on Load/Save RF Kill Switch Status /dev/rfkill Watch.
         Mounting Arbitrary Executable File Formats File System...
[[0;32m  OK  [0m] Mounted Arbitrary Executable File Formats File System.
[[0;32m  OK  [0m] Started AppArmor initialization.
         Starting Load AppArmor profiles managed internally by snapd...
         Starting Initial cloud-init job (pre-networking)...
[[0;32m  OK  [0m] Started Load AppArmor profiles managed internally by snapd.
[    8.209824] cloud-init[555]: Cloud-init v. 23.1.2-0ubuntu0~18.04.1 running 'init-local' at Tue, 23 May 2023 13:57:34 +0000. Up 8.00 seconds.
[[0;32m  OK  [0m] Started Initial cloud-init job (pre-networking).
[[0;32m  OK  [0m] Reached target Network (Pre).
         Starting Network Service...
[[0;32m  OK  [0m] Started Network Service.
         Starting Wait for Network to be Configured...
         Starting Network Name Resolution...
[[0;32m  OK  [0m] Started Network Name Resolution.
[[0;32m  OK  [0m] Reached target Host and Network Name Lookups.
[[0;32m  OK  [0m] Reached target Network.
[[0;32m  OK  [0m] Started Wait for Network to be Configured.
         Starting Initial cloud-init job (metadata service crawler)...
[    9.856029] cloud-init[668]: Cloud-init v. 23.1.2-0ubuntu0~18.04.1 running 'init' at Tue, 23 May 2023 13:57:36 +0000. Up 9.74 seconds.
[    9.856973] cloud-init[668]: ci-info: ++++++++++++++++++++++++++++++++++++++Net device info++++++++++++++++++++++++++++++++++++++
[    9.857936] cloud-init[668]: ci-info: +--------+------+----------------------------+---------------+--------+-------------------+
[    9.858826] cloud-init[668]: ci-info: | Device |  Up  |          Address           |      Mask     | Scope  |     Hw-Address    |
[    9.859714] cloud-init[668]: ci-info: +--------+------+----------------------------+---------------+--------+-------------------+
[    9.887695] cloud-init[668]: ci-info: | enp0s3 | True |         10.0.2.15          | 255.255.255.0 | global | 02:3e:6f:b6:28:d7 |
[    9.888748] cloud-init[668]: ci-info: | enp0s3 | True | fe80::3e:6fff:feb6:28d7/64 |       .       |  link  | 02:3e:6f:b6:28:d7 |
[    9.889699] cloud-init[668]: ci-info: |   lo   | True |         127.0.0.1          |   255.0.0.0   |  host  |         .         |
[    9.890704] cloud-init[668]: ci-info: |   lo   | True |          ::1/128           |       .       |  host  |         .         |
[    9.891648] cloud-init[668]: ci-info: +--------+------+----------------------------+---------------+--------+-------------------+
[    9.892586] cloud-init[668]: ci-info: ++++++++++++++++++++++++++++Route IPv4 info+++++++++++++++++++++++++++++
[    9.893328] cloud-init[668]: ci-info: +-------+-------------+----------+-----------------+-----------+-------+
[    9.894443] cloud-init[668]: ci-info: | Route | Destination | Gateway  |     Genmask     | Interface | Flags |
[    9.895292] cloud-init[668]: ci-info: +-------+-------------+----------+-----------------+-----------+-------+
[    9.896186] cloud-init[668]: ci-info: |   0   |   0.0.0.0   | 10.0.2.2 |     0.0.0.0     |   enp0s3  |   UG  |
[    9.897012] cloud-init[668]: ci-info: |   1   |   10.0.2.0  | 0.0.0.0  |  255.255.255.0  |   enp0s3  |   U   |
[    9.897810] cloud-init[668]: ci-info: |   2   |   10.0.2.2  | 0.0.0.0  | 255.255.255.255 |   enp0s3  |   UH  |
[    9.898660] cloud-init[668]: ci-info: +-------+-------------+----------+-----------------+-----------+-------+
[    9.899481] cloud-init[668]: ci-info: +++++++++++++++++++Route IPv6 info+++++++++++++++++++
[    9.900214] cloud-init[668]: ci-info: +-------+-------------+---------+-----------+-------+
[    9.900940] cloud-init[668]: ci-info: | Route | Destination | Gateway | Interface | Flags |
[    9.901652] cloud-init[668]: ci-info: +-------+-------------+---------+-----------+-------+
[    9.902318] cloud-init[668]: ci-info: |   1   |  fe80::/64  |    ::   |   enp0s3  |   U   |
[    9.903007] cloud-init[668]: ci-info: |   3   |    local    |    ::   |   enp0s3  |   U   |
[    9.903732] cloud-init[668]: ci-info: |   4   |   ff00::/8  |    ::   |   enp0s3  |   U   |
[    9.904489] cloud-init[668]: ci-info: +-------+-------------+---------+-----------+-------+
[   10.333159] cloud-init[668]: Generating public/private rsa key pair.
[   10.334120] cloud-init[668]: Your identification has been saved in /etc/ssh/ssh_host_rsa_key.
[   10.335103] cloud-init[668]: Your public key has been saved in /etc/ssh/ssh_host_rsa_key.pub.
[   10.335887] cloud-init[668]: The key fingerprint is:
[   10.336485] cloud-init[668]: SHA256:teGi+EKw24v/wT9JT3mzeSLxfK5oo+yxpJyE8nVr/XU root@ubuntu-bionic
[   10.337268] cloud-init[668]: The key's randomart image is:
[   10.337795] cloud-init[668]: +---[RSA 2048]----+
[   10.338293] cloud-init[668]: |                 |
[   10.338770] cloud-init[668]: |                 |
[   10.339183] cloud-init[668]: |          o      |
[   10.339656] cloud-init[668]: |  .      o o     |
[   10.340192] cloud-init[668]: |   o    S o.     |
[   10.340666] cloud-init[668]: |  . .+ ...+ o    |
[   10.341149] cloud-init[668]: |  .+o *.+= = +. E|
[   10.341684] cloud-init[668]: |  .+o= O++*.*.o. |
[   10.342199] cloud-init[668]: |  ..++*oB+.+o*.  |
[   10.342697] cloud-init[668]: +----[SHA256]-----+
[   10.343207] cloud-init[668]: Generating public/private dsa key pair.
[   10.343901] cloud-init[668]: Your identification has been saved in /etc/ssh/ssh_host_dsa_key.
[   10.344833] cloud-init[668]: Your public key has been saved in /etc/ssh/ssh_host_dsa_key.pub.
[   10.345618] cloud-init[668]: The key fingerprint is:
[   10.346169] cloud-init[668]: SHA256:fIFiYuNhq2qelq95GFOpqmpHYDEj2IE0P0og0NTG0vg root@ubuntu-bionic
[   10.346921] cloud-init[668]: The key's randomart image is:
[   10.347417] cloud-init[668]: +---[DSA 1024]----+
[   10.347876] cloud-init[668]: |BBo*             |
[   10.348425] cloud-init[668]: |*+B =    .       |
[   10.348886] cloud-init[668]: |..+*B o . .      |
[   10.349317] cloud-init[668]: |.o.*E* o   .     |
[   10.349770] cloud-init[668]: |..+ o   S .      |
[   10.350270] cloud-init[668]: | + o     .       |
[   10.350790] cloud-init[668]: |. B              |
[   10.351285] cloud-init[668]: |.Boo             |
[   10.351778] cloud-init[668]: |@==.             |
[   10.352453] cloud-init[668]: +----[SHA256]-----+
[   10.352918] cloud-init[668]: Generating public/private ecdsa key pair.
[   10.353524] cloud-init[668]: Your identification has been saved in /etc/ssh/ssh_host_ecdsa_key.
[   10.354258] cloud-init[668]: Your public key has been saved in /etc/ssh/ssh_host_ecdsa_key.pub.
[   10.355008] cloud-init[668]: The key fingerprint is:
[   10.355513] cloud-init[668]: SHA256:D9whjQtzKogn9e2k8if+E9RCmmxmiQ3GTkMoVDgMry8 root@ubuntu-bionic
[   10.356308] cloud-init[668]: The key's randomart image is:
[   10.356871] cloud-init[668]: +---[ECDSA 256]---+
[   10.357420] cloud-init[668]: |==+.             |
[   10.357914] cloud-init[668]: |o=*   .  o       |
[   10.358375] cloud-init[668]: |.++* =o.+ o      |
[   10.358850] cloud-init[668]: | +ooX.o*.+ .     |
[   10.359336] cloud-init[668]: |+ o+o.+.S .      |
[   10.359814] cloud-init[668]: | +   =.  o       |
[   10.360380] cloud-init[668]: |E o . ..  .      |
[   10.360873] cloud-init[668]: | . o. o          |
[   10.361341] cloud-init[668]: |   .o+..         |
[   10.361844] cloud-init[668]: +----[SHA256]-----+
[   10.362384] cloud-init[668]: Generating public/private ed25519 key pair.
[   10.363006] cloud-init[668]: Your identification has been saved in /etc/ssh/ssh_host_ed25519_key.
[   10.363810] cloud-init[668]: Your public key has been saved in /etc/ssh/ssh_host_ed25519_key.pub.
[   10.364614] cloud-init[668]: The key fingerprint is:
[   10.365131] cloud-init[668]: SHA256:KBxgf+KTRQ+/jlVZg0qZhBUWLrlaLnhIXYMt/d59Dvs root@ubuntu-bionic
[[0;32m  OK  [0m] Started Initial cloud-init job (metadata service crawler).
[   10.365929] cloud-init[[0;32m  OK  [0m] Reached target System Initialization.
[[0;32m  OK  [0m] Started Ubuntu Advantage Timer for running repeated jobs.
[[0;32m  OK  [0m] Started Message of the Day.
[668]: The key's randomart image is:
[   10.368056]          Starting LXD - unix socket.
[[0;32m  OK  [0m] Started Daily Cleanup of Temporary Directories.
[[0;32m  OK  [0m] Listening on D-Bus System Message Bus Socket.
[[0;32m  OK  [0m] Started ACPI Events Check.
cloud-init         Starting Socket activation for snappy daemon.
[[0;32m  OK  [0m] Listening on ACPID Listen Socket.
[[0;32m  OK  [0m] Listening on cloud-init hotplug hook socket.
[[0;32m  OK  [0m] Listening on UUID daemon activation socket.
[[0;32m  OK  [0m] Reached target Paths.
[[0;32m  OK  [0m] Started Discard unused blocks once a week.
[[0;32m  OK  [0m] Listening on Open-iSCSI iscsid Socket.
[[0;32m  OK  [0m] Started Daily apt download activities.
[[0;32m  OK  [0m] Started Daily apt upgrade and clean activities.
[[0;32m  OK  [0m] Reached target Timers.
[[0;32m  OK  [0m] Reached target Cloud-config availability.
[[0;32m  OK  [0m] Reached target Network is Online.
         Starting Availability of block devices...
[[0;32m  OK  [0m] Reached target Remote File Systems (Pre).
[[0;32m  OK  [0m] Reached target Remote File Systems.
[[0;32m  OK  [0m] Listening on LXD - unix socket.
[[0;32m  OK  [0m] Listening on Socket activation for snappy daemon.
[[0;32m  OK  [0m] Reached target Sockets.
[[0;32m  OK  [0m] Reached target Basic System.
[668]: +--[ED25519 256]--+
[   10.381781]          Starting LXD - container startup/shutdown...
cloud-init[668]: |  o   o+*= .o    |         Starting LSB: Record successful boot for GRUB...

[   10.383602]          Starting Virtualbox guest utils...
cloud-init[668]: | . o =.B+ .o .   |
[   10.384447] cloud-init[668]: |    * X.+.o      |
[   10.384957]          Starting Accounts Service...
[[0;32m  OK  [0m] Started FUSE filesystem for LXC.
cloud-init[668]: |   + O *.o       |
[   10.390072] cloud-init[668]: |  . B + S        |
[   10.390571] cloud-init[668]: | . o * = . .     |
[   10.391049] cloud-init[668]: |  o + o o . o .  |
[   10.391562] cloud-init[668]: |   . .       =   |
[   10.392077] cloud-init[668]: |            ..E  |
[   10.392680] cloud-init[668]: +----[SHA256]-----+
         Starting Pollinate to seed the pseudo random number generator...
[[0;32m  OK  [0m] Started Regular background program processing daemon.
         Starting Snap Daemon...
         Starting Login Service...
         Starting System Logging Service...
[[0;32m  OK  [0m] Reached target Login Prompts (Pre).
[[0;32m  OK  [0m] Started irqbalance daemon.
         Starting Permit User Sessions...
[[0;32m  OK  [0m] Started Deferred execution scheduler.
[[0;32m  OK  [0m] Started D-Bus System Message Bus.
[[0;32m  OK  [0m] Started Login Service.
[[0;32m  OK  [0m] Started Unattended Upgrades Shutdown.
         Starting LSB: automatic crash report generation...
         Starting Dispatcher daemon for systemd-networkd...
[[0;32m  OK  [0m] Started System Logging Service.
[[0;32m  OK  [0m] Started Availability of block devices.
[[0;32m  OK  [0m] Started Permit User Sessions.
         Starting Authorization Manager...
         Starting Hold until boot process finishes up...
         Starting Terminate Plymouth Boot Screen...
[[0;32m  OK  [0m] Started Hold until boot process finishes up.
         Starting Set console scheme...
[[0;32m  OK  [0m] Started Serial Getty on ttyS0.
[[0;32m  OK  [0m] Started Terminate Plymouth Boot Screen.
[[0;32m  OK  [0m] Started Set console scheme.
[[0;32m  OK  [0m] Created slice system-getty.slice.
[[0;32m  OK  [0m] Started Getty on tty1.
[[0;32m  OK  [0m] Reached target Login Prompts.
[[0;32m  OK  [0m] Started Authorization Manager.
[[0;32m  OK  [0m] Started Accounts Service.
[[0;32m  OK  [0m] Started LXD - container startup/shutdown.
[[0;32m  OK  [0m] Started LSB: automatic crash report generation.
[[0;32m  OK  [0m] Started LSB: Record successful boot for GRUB.
[[0;32m  OK  [0m] Started Virtualbox guest utils.
[[0;32m  OK  [0m] Started Dispatcher daemon for systemd-networkd.
[[0;32m  OK  [0m] Started Snap Daemon.
         Starting Wait until snapd is fully seeded...
         Starting Time & Date Service...
[[0;32m  OK  [0m] Started Time & Date Service.
[[0;32m  OK  [0m] Started Pollinate to seed the pseudo random number generator.
         Starting OpenBSD Secure Shell server...
[[0;32m  OK  [0m] Started OpenBSD Secure Shell server.
[[0;32m  OK  [0m] Created slice User Slice of vagrant.
         Starting User Manager for UID 1000...
[[0;32m  OK  [0m] Started Session 1 of user vagrant.
[[0;32m  OK  [0m] Started User Manager for UID 1000.
[[0;32m  OK  [0m] Started Wait until snapd is fully seeded.
         Starting Apply the settings specified in cloud-config...
[   14.705571] cloud-init[1305]: Cloud-init v. 23.1.2-0ubuntu0~18.04.1 running 'modules:config' at Tue, 23 May 2023 13:57:40 +0000. Up 13.90 seconds.
[[0;32m  OK  [0m] Started Apply the settings specified in cloud-config.
[[0;32m  OK  [0m] Reached target Multi-User System.
[[0;32m  OK  [0m] Reached target Graphical Interface.
         Starting Update UTMP about System Runlevel Changes...
         Starting Execute cloud user/final scripts...
[[0;32m  OK  [0m] Started Update UTMP about System Runlevel Changes.
ci-info: no authorized SSH keys fingerprints found for user ubuntu.
<14>May 23 13:57:41 cloud-init: #############################################################
<14>May 23 13:57:41 cloud-init: -----BEGIN SSH HOST KEY FINGERPRINTS-----
<14>May 23 13:57:41 cloud-init: 1024 SHA256:fIFiYuNhq2qelq95GFOpqmpHYDEj2IE0P0og0NTG0vg root@ubuntu-bionic (DSA)
<14>May 23 13:57:41 cloud-init: 256 SHA256:D9whjQtzKogn9e2k8if+E9RCmmxmiQ3GTkMoVDgMry8 root@ubuntu-bionic (ECDSA)
<14>May 23 13:57:41 cloud-init: 256 SHA256:KBxgf+KTRQ+/jlVZg0qZhBUWLrlaLnhIXYMt/d59Dvs root@ubuntu-bionic (ED25519)
<14>May 23 13:57:41 cloud-init: 2048 SHA256:teGi+EKw24v/wT9JT3mzeSLxfK5oo+yxpJyE8nVr/XU root@ubuntu-bionic (RSA)
<14>May 23 13:57:41 cloud-init: -----END SSH HOST KEY FINGERPRINTS-----
<14>May 23 13:57:41 cloud-init: #############################################################
-----BEGIN SSH HOST KEY KEYS-----
ecdsa-sha2-nistp256 AAAAE2VjZHNhLXNoYTItbmlzdHAyNTYAAAAIbmlzdHAyNTYAAABBBMTe6OjxP8CY1f7m29ADdpat8W0uFtHl5EO2ikHe4BTQ2fQBZcxEw2zUj0ptoQLOMfBLXHwhrtWvVREG2NIf4hk= root@ubuntu-bionic
ssh-ed25519 AAAAC3NzaC1lZDI1NTE5AAAAIOCWmXHTg1RBG1Fokd7SSlzdfB6EOQpA/MX4wWeuovsD root@ubuntu-bionic
ssh-rsa AAAAB3NzaC1yc2EAAAADAQABAAABAQCsysSsfXM5RKNIGbtCo8+DZSpX52PI0A/B3WjCA2oMsu98TdjvCsV9grkwK9FIf5O39Gmy9qq/Ceb8v/nYwfBziSHIFBNnUIBHY/m2mv0qsM1mg1YFVsJqyEEovdglYgsOeBdn9brCoWhG9GGxz+6HLyJUj8W38n03FLTF8P0iToPbPlJS+/Ky5kmH/FUOpVSbMXcPFso/DYfaanaC/zBq58kRnW93fS7b6t9ipe5UddQ+eDHk9clW8ypWb/v3TbJX0XFv9EOu52s2b5NRoV60WxHoa/f7kFY57d/C6/OzbBFbQaB1h/2KQOCiwRC5WjaM7xMU1lbaBw1e+kjgWx2n root@ubuntu-bionic
-----END SSH HOST KEY KEYS-----
[   15.124745] cloud-init[1399]: Cloud-init v. 23.1.2-0ubuntu0~18.04.1 running 'modules:final' at Tue, 23 May 2023 13:57:41 +0000. Up 15.01 seconds.
[   15.125966] cloud-init[1399]: Cloud-init v. 23.1.2-0ubuntu0~18.04.1 finished at Tue, 23 May 2023 13:57:41 +0000. Datasource DataSourceNoCloud [seed=/dev/sdb][dsmode=net].  Up 15.12 seconds
[[0;32m  OK  [0m] Started Execute cloud user/final scripts.
[[0;32m  OK  [0m] Reached target Cloud-init target.

Ubuntu 18.04.6 LTS ubuntu-bionic ttyS0

ubuntu-bionic login: 